d:\ids_manets_workspace\src\simulation\dsr\x64\debug\vc142.pdb
d:\ids_manets_workspace\src\simulation\dsr\x64\debug\vc142.idb
d:\ids_manets_workspace\src\simulation\dsr\x64\debug\sourceroute.obj
d:\ids_manets_workspace\src\simulation\dsr\x64\debug\sendbuffer.obj
d:\ids_manets_workspace\src\simulation\dsr\x64\debug\routerequest.obj
d:\ids_manets_workspace\src\simulation\dsr\x64\debug\routereply.obj
d:\ids_manets_workspace\src\simulation\dsr\x64\debug\routeerror.obj
d:\ids_manets_workspace\src\simulation\dsr\x64\debug\routecache.obj
d:\ids_manets_workspace\src\simulation\dsr\x64\debug\pathrater.obj
d:\ids_manets_workspace\src\simulation\dsr\x64\debug\packetprocessing.obj
d:\ids_manets_workspace\src\simulation\dsr\x64\debug\network_layer_ack.obj
d:\ids_manets_workspace\src\simulation\dsr\x64\debug\malicious.obj
d:\ids_manets_workspace\src\simulation\dsr\x64\debug\maintbuffer.obj
d:\ids_manets_workspace\src\simulation\dsr\x64\debug\dsr.obj
d:\ids_manets_workspace\src\simulation\dsr\x64\debug\checkroutefound.obj
d:\ids_manets_workspace\bin\bin_x64\dsr.lib
d:\ids_manets_workspace\bin\bin_x64\dsr.exp
d:\ids_manets_workspace\bin\bin_x64\libdsr.dll
d:\ids_manets_workspace\bin\bin_x64\dsr.pdb
c:\users\hanuman\desktop\intrusion_detection_systems_for_manets_v12.2\ids_manets_workspace\src\simulation\dsr\x64\debug\checkroutefound.obj
c:\users\hanuman\desktop\intrusion_detection_systems_for_manets_v12.2\ids_manets_workspace\src\simulation\dsr\x64\debug\dsr.obj
c:\users\hanuman\desktop\intrusion_detection_systems_for_manets_v12.2\ids_manets_workspace\src\simulation\dsr\x64\debug\maintbuffer.obj
c:\users\hanuman\desktop\intrusion_detection_systems_for_manets_v12.2\ids_manets_workspace\src\simulation\dsr\x64\debug\malicious.obj
c:\users\hanuman\desktop\intrusion_detection_systems_for_manets_v12.2\ids_manets_workspace\src\simulation\dsr\x64\debug\network_layer_ack.obj
c:\users\hanuman\desktop\intrusion_detection_systems_for_manets_v12.2\ids_manets_workspace\src\simulation\dsr\x64\debug\packetprocessing.obj
c:\users\hanuman\desktop\intrusion_detection_systems_for_manets_v12.2\ids_manets_workspace\src\simulation\dsr\x64\debug\pathrater.obj
c:\users\hanuman\desktop\intrusion_detection_systems_for_manets_v12.2\ids_manets_workspace\src\simulation\dsr\x64\debug\routecache.obj
c:\users\hanuman\desktop\intrusion_detection_systems_for_manets_v12.2\ids_manets_workspace\src\simulation\dsr\x64\debug\routeerror.obj
c:\users\hanuman\desktop\intrusion_detection_systems_for_manets_v12.2\ids_manets_workspace\src\simulation\dsr\x64\debug\routereply.obj
c:\users\hanuman\desktop\intrusion_detection_systems_for_manets_v12.2\ids_manets_workspace\src\simulation\dsr\x64\debug\routerequest.obj
c:\users\hanuman\desktop\intrusion_detection_systems_for_manets_v12.2\ids_manets_workspace\src\simulation\dsr\x64\debug\sendbuffer.obj
c:\users\hanuman\desktop\intrusion_detection_systems_for_manets_v12.2\ids_manets_workspace\src\simulation\dsr\x64\debug\sourceroute.obj
c:\users\hanuman\desktop\intrusion_detection_systems_for_manets_v12.2\ids_manets_workspace\src\simulation\dsr\x64\debug\vc142.idb
c:\users\hanuman\desktop\intrusion_detection_systems_for_manets_v12.2\ids_manets_workspace\src\simulation\dsr\x64\debug\vc142.pdb
c:\users\hanuman\desktop\intrusion_detection_systems_for_manets_v12.2\ids_manets_workspace\src\simulation\dsr\x64\debug\dsr.tlog\cl.command.1.tlog
c:\users\hanuman\desktop\intrusion_detection_systems_for_manets_v12.2\ids_manets_workspace\src\simulation\dsr\x64\debug\dsr.tlog\cl.read.1.tlog
c:\users\hanuman\desktop\intrusion_detection_systems_for_manets_v12.2\ids_manets_workspace\src\simulation\dsr\x64\debug\dsr.tlog\cl.write.1.tlog
c:\users\hanuman\desktop\intrusion_detection_systems_for_manets_v12.2\ids_manets_workspace\src\simulation\dsr\x64\debug\dsr.tlog\dsr.write.1u.tlog
c:\users\hanuman\desktop\intrusion_detection_systems_for_manets_v12.2\ids_manets_workspace\src\simulation\dsr\x64\debug\dsr.tlog\link.command.1.tlog
c:\users\hanuman\desktop\intrusion_detection_systems_for_manets_v12.2\ids_manets_workspace\src\simulation\dsr\x64\debug\dsr.tlog\link.read.1.tlog
c:\users\hanuman\desktop\intrusion_detection_systems_for_manets_v12.2\ids_manets_workspace\src\simulation\dsr\x64\debug\dsr.tlog\link.write.1.tlog
