d:\ids_manets_workspace\src\simulation\ieee802_11\x64\debug\vc142.pdb
d:\ids_manets_workspace\src\simulation\ieee802_11\x64\debug\vc142.idb
d:\ids_manets_workspace\src\simulation\ieee802_11\x64\debug\minstrel_ht.obj
d:\ids_manets_workspace\src\simulation\ieee802_11\x64\debug\minstrel.obj
d:\ids_manets_workspace\src\simulation\ieee802_11\x64\debug\meshbss.obj
d:\ids_manets_workspace\src\simulation\ieee802_11\x64\debug\infrastructurebss.obj
d:\ids_manets_workspace\src\simulation\ieee802_11\x64\debug\ieee802_11_radio.obj
d:\ids_manets_workspace\src\simulation\ieee802_11\x64\debug\ieee802_11_phyframe.obj
d:\ids_manets_workspace\src\simulation\ieee802_11\x64\debug\ieee802_11_phy.obj
d:\ids_manets_workspace\src\simulation\ieee802_11\x64\debug\ieee802_11_macframe.obj
d:\ids_manets_workspace\src\simulation\ieee802_11\x64\debug\ieee802_11_mac.obj
d:\ids_manets_workspace\src\simulation\ieee802_11\x64\debug\ieee802_11_htphy.obj
d:\ids_manets_workspace\src\simulation\ieee802_11\x64\debug\ieee802_11_enum.obj
d:\ids_manets_workspace\src\simulation\ieee802_11\x64\debug\ieee802_11_edcaf.obj
d:\ids_manets_workspace\src\simulation\ieee802_11\x64\debug\ieee802_11_dsssphy.obj
d:\ids_manets_workspace\src\simulation\ieee802_11\x64\debug\ieee802_11n.obj
d:\ids_manets_workspace\src\simulation\ieee802_11\x64\debug\ieee802_11ac.obj
d:\ids_manets_workspace\src\simulation\ieee802_11\x64\debug\ieee802_11.obj
d:\ids_manets_workspace\src\simulation\ieee802_11\x64\debug\ieee802.11_ofdmphy.obj
d:\ids_manets_workspace\src\simulation\ieee802_11\x64\debug\ieee1609_interface.obj
d:\ids_manets_workspace\src\simulation\ieee802_11\x64\debug\generic_rateadaptation.obj
d:\ids_manets_workspace\src\simulation\ieee802_11\x64\debug\csmaca.obj
d:\ids_manets_workspace\src\simulation\ieee802_11\x64\debug\watchdog.obj
d:\ids_manets_workspace\src\simulation\ieee802_11\x64\debug\rts_cts.obj
d:\ids_manets_workspace\src\simulation\ieee802_11\x64\debug\propagationmodel.obj
d:\ids_manets_workspace\bin\bin_x64\ieee802_11.lib
d:\ids_manets_workspace\bin\bin_x64\ieee802_11.exp
d:\ids_manets_workspace\bin\bin_x64\libieee802.11.dll
d:\ids_manets_workspace\bin\bin_x64\ieee802_11.pdb
c:\users\hanuman\desktop\intrusion_detection_systems_for_manets_v12.2\ids_manets_workspace\src\simulation\ieee802_11\x64\debug\csmaca.obj
c:\users\hanuman\desktop\intrusion_detection_systems_for_manets_v12.2\ids_manets_workspace\src\simulation\ieee802_11\x64\debug\generic_rateadaptation.obj
c:\users\hanuman\desktop\intrusion_detection_systems_for_manets_v12.2\ids_manets_workspace\src\simulation\ieee802_11\x64\debug\ieee1609_interface.obj
c:\users\hanuman\desktop\intrusion_detection_systems_for_manets_v12.2\ids_manets_workspace\src\simulation\ieee802_11\x64\debug\ieee802.11_ofdmphy.obj
c:\users\hanuman\desktop\intrusion_detection_systems_for_manets_v12.2\ids_manets_workspace\src\simulation\ieee802_11\x64\debug\ieee802_11.obj
c:\users\hanuman\desktop\intrusion_detection_systems_for_manets_v12.2\ids_manets_workspace\src\simulation\ieee802_11\x64\debug\ieee802_11ac.obj
c:\users\hanuman\desktop\intrusion_detection_systems_for_manets_v12.2\ids_manets_workspace\src\simulation\ieee802_11\x64\debug\ieee802_11n.obj
c:\users\hanuman\desktop\intrusion_detection_systems_for_manets_v12.2\ids_manets_workspace\src\simulation\ieee802_11\x64\debug\ieee802_11_dsssphy.obj
c:\users\hanuman\desktop\intrusion_detection_systems_for_manets_v12.2\ids_manets_workspace\src\simulation\ieee802_11\x64\debug\ieee802_11_edcaf.obj
c:\users\hanuman\desktop\intrusion_detection_systems_for_manets_v12.2\ids_manets_workspace\src\simulation\ieee802_11\x64\debug\ieee802_11_enum.obj
c:\users\hanuman\desktop\intrusion_detection_systems_for_manets_v12.2\ids_manets_workspace\src\simulation\ieee802_11\x64\debug\ieee802_11_htphy.obj
c:\users\hanuman\desktop\intrusion_detection_systems_for_manets_v12.2\ids_manets_workspace\src\simulation\ieee802_11\x64\debug\ieee802_11_mac.obj
c:\users\hanuman\desktop\intrusion_detection_systems_for_manets_v12.2\ids_manets_workspace\src\simulation\ieee802_11\x64\debug\ieee802_11_macframe.obj
c:\users\hanuman\desktop\intrusion_detection_systems_for_manets_v12.2\ids_manets_workspace\src\simulation\ieee802_11\x64\debug\ieee802_11_phy.obj
c:\users\hanuman\desktop\intrusion_detection_systems_for_manets_v12.2\ids_manets_workspace\src\simulation\ieee802_11\x64\debug\ieee802_11_phyframe.obj
c:\users\hanuman\desktop\intrusion_detection_systems_for_manets_v12.2\ids_manets_workspace\src\simulation\ieee802_11\x64\debug\ieee802_11_radio.obj
c:\users\hanuman\desktop\intrusion_detection_systems_for_manets_v12.2\ids_manets_workspace\src\simulation\ieee802_11\x64\debug\infrastructurebss.obj
c:\users\hanuman\desktop\intrusion_detection_systems_for_manets_v12.2\ids_manets_workspace\src\simulation\ieee802_11\x64\debug\meshbss.obj
c:\users\hanuman\desktop\intrusion_detection_systems_for_manets_v12.2\ids_manets_workspace\src\simulation\ieee802_11\x64\debug\minstrel.obj
c:\users\hanuman\desktop\intrusion_detection_systems_for_manets_v12.2\ids_manets_workspace\src\simulation\ieee802_11\x64\debug\minstrel_ht.obj
c:\users\hanuman\desktop\intrusion_detection_systems_for_manets_v12.2\ids_manets_workspace\src\simulation\ieee802_11\x64\debug\propagationmodel.obj
c:\users\hanuman\desktop\intrusion_detection_systems_for_manets_v12.2\ids_manets_workspace\src\simulation\ieee802_11\x64\debug\rts_cts.obj
c:\users\hanuman\desktop\intrusion_detection_systems_for_manets_v12.2\ids_manets_workspace\src\simulation\ieee802_11\x64\debug\watchdog.obj
c:\users\hanuman\desktop\intrusion_detection_systems_for_manets_v12.2\ids_manets_workspace\src\simulation\ieee802_11\x64\debug\vc142.idb
c:\users\hanuman\desktop\intrusion_detection_systems_for_manets_v12.2\ids_manets_workspace\src\simulation\ieee802_11\x64\debug\vc142.pdb
c:\users\hanuman\desktop\intrusion_detection_systems_for_manets_v12.2\ids_manets_workspace\src\simulation\ieee802_11\x64\debug\ieee802_11.tlog\cl.command.1.tlog
c:\users\hanuman\desktop\intrusion_detection_systems_for_manets_v12.2\ids_manets_workspace\src\simulation\ieee802_11\x64\debug\ieee802_11.tlog\cl.read.1.tlog
c:\users\hanuman\desktop\intrusion_detection_systems_for_manets_v12.2\ids_manets_workspace\src\simulation\ieee802_11\x64\debug\ieee802_11.tlog\cl.write.1.tlog
c:\users\hanuman\desktop\intrusion_detection_systems_for_manets_v12.2\ids_manets_workspace\src\simulation\ieee802_11\x64\debug\ieee802_11.tlog\ieee802_11.write.1u.tlog
c:\users\hanuman\desktop\intrusion_detection_systems_for_manets_v12.2\ids_manets_workspace\src\simulation\ieee802_11\x64\debug\ieee802_11.tlog\link.command.1.tlog
c:\users\hanuman\desktop\intrusion_detection_systems_for_manets_v12.2\ids_manets_workspace\src\simulation\ieee802_11\x64\debug\ieee802_11.tlog\link.read.1.tlog
c:\users\hanuman\desktop\intrusion_detection_systems_for_manets_v12.2\ids_manets_workspace\src\simulation\ieee802_11\x64\debug\ieee802_11.tlog\link.write.1.tlog
